0 info it worked if it ends with ok
1 verbose cli [ '/opt/atom/resources/app/apm/bin/node',
1 verbose cli   '/opt/atom/resources/app/apm/node_modules/npm/bin/npm-cli.js',
1 verbose cli   '--globalconfig',
1 verbose cli   '/home/yves/.atom/.apm/.apmrc',
1 verbose cli   '--userconfig',
1 verbose cli   '/home/yves/.atom/.apmrc',
1 verbose cli   'install',
1 verbose cli   '--target=0.36.8',
1 verbose cli   '--arch=x64' ]
2 info using npm@2.13.3
3 info using node@v0.10.40
4 verbose readDependencies loading dependencies from /home/yves/www/sio2/peda/ades/inc/faits/package.json
5 error install Couldn't read dependencies
6 verbose stack Error: ENOENT, open '/home/yves/www/sio2/peda/ades/inc/faits/package.json'
7 verbose cwd /home/yves/www/sio2/peda/ades/inc/faits
8 error Linux 3.13.0-86-generic
9 error argv "/opt/atom/resources/app/apm/bin/node" "/opt/atom/resources/app/apm/node_modules/npm/bin/npm-cli.js" "--globalconfig" "/home/yves/.atom/.apm/.apmrc" "--userconfig" "/home/yves/.atom/.apmrc" "install" "--target=0.36.8" "--arch=x64"
10 error node v0.10.40
11 error npm  v2.13.3
12 error path /home/yves/www/sio2/peda/ades/inc/faits/package.json
13 error code ENOPACKAGEJSON
14 error errno 34
15 error package.json ENOENT, open '/home/yves/www/sio2/peda/ades/inc/faits/package.json'
15 error package.json This is most likely not a problem with npm itself.
15 error package.json npm can't find a package.json file in your current directory.
16 verbose exit [ 34, true ]
