[UNo]
10102=
8=;;;;;
9=;;;;;
10=;;;;;
17=;;;;;
80=;;;;;
80=;;;;;
85=;'';T;;;
80=;;;;;
85=;'';T;;;
18=2;;;;Année;Année de DateNaiss
CSTtiret=-;''
18=3;'';T;;Mois;Mois de DateNaiss
CSTtiret=-;''
18=4;'';T;;Jour;Jour de DateNaiss
20=;;;;;
205=;;;;;
220=;;;;;
216=;;;;;
219=;;;;;
218=;;;;;
265=;;;;;
276=;;;;;
279=;;;;;
280=;;;;;
295=;;;;;
306=;;;;;
309=;;;;;
310=;;;;;
240=;;;;;
243=;;;;;
245=;;;;;
210=;;;;;
213=;;;;;
215=;;;;;
123=11;;;;Forme Filière (code Réaf);Forme Filière

[Width]
LIGNE=-1;Arial;;9;No;-2147483640;1;N
MATRIC__8=74;Arial;;9;matricule;-2147483640;1;O
NOM__9=424;Arial;;9;nom;-2147483640;0;O
PRENOM__10=193;Arial;;9;prenom;-2147483640;0;O
SEXE__17=63;Arial;;9;sexe;-2147483640;0;O
AN__80=48;Arial;;9;annee;-2147483640;0;O
AN__80_1=62;Arial;;9;classe;-2147483640;0;O
CLASSE__85=0;Arial;;9;Classe;-2147483640;0;O
AN__80_2=62;Arial;;9;groupe;-2147483640;0;O
CLASSE__85_3=0;Arial;;9;Classe;-2147483640;0;O
DATENAISS__18=98;Arial;;9;DateNaiss;-2147483640;0;O
CSTTIRET1=0;Arial;;9;tiret;-2147483640;0;O
DATENAISS__18_4=0;Arial;;9;Mois de DateNaiss;-2147483640;0;O
CSTTIRET2=0;Arial;;9;tiret;-2147483640;0;O
DATENAISS__18_5=0;Arial;;9;Jour de DateNaiss;-2147483640;0;O
VILLENAISS__20=354;Arial;;9;commNaissance;-2147483640;0;O
NOMADR__205=284;Arial;;9;nomResp;-2147483640;0;O
EMAIL__220=424;Arial;;9;courriel;-2147483640;0;O
TEL__216=179;Arial;;9;telephone1;-2147483640;0;O
GSM__219=179;Arial;;9;telephone2;-2147483640;0;O
FAX__218=179;Arial;;9;telephone3;-2147483640;0;O
NOMADR__265=284;Arial;;9;nomPere;-2147483640;0;O
TEL__276=179;Arial;;9;telPere;-2147483640;0;O
GSM__279=179;Arial;;9;gsmPere;-2147483640;0;O
EMAIL__280=424;Arial;;9;mailPere;-2147483640;0;O
NOMADR__295=284;Arial;;9;nomMere;-2147483640;0;O
TEL__306=179;Arial;;9;telMere;-2147483640;0;O
GSM__309=179;Arial;;9;gsmMere;-2147483640;0;O
EMAIL__310=424;Arial;;9;mailMere;-2147483640;0;O
RUE__240=326;Arial;;9;adresseEleve;-2147483640;0;O
CPOST__243=88;Arial;;9;cpostEleve;-2147483640;0;O
LOCALITE__245=186;Arial;;9;localiteEleve;-2147483640;0;O
RUE__210=326;Arial;;9;adresseResp;-2147483640;0;O
CPOST__213=88;Arial;;9;cpostResp;-2147483640;0;O
LOCALITE__215=186;Arial;;9;localiteResp;-2147483640;0;O
ANFOFI__123=81;Arial;;9;section;-2147483640;0;O
ECOPROPRIO__3=-1;Arial;;9;Ecoles Propriétaires;-2147483640;0;N
ECOLE__76=-1;Arial;;9;Ecole;-2147483640;0;N
SEXE__17_6=-1;Arial;;9;Sexe;-2147483640;0;N
ANFOFI__123_7=-1;Arial;;9;AnFF;-2147483640;0;N
IMPLANTATION__97=-1;Arial;;9;Implantation;-2147483640;0;N
MATRIC__8_8=-1;Arial;;9;Matric Info;-2147483640;1;N
NOMNET__11=-1;Arial;;9;Nom Nettoyé pour Tris;-2147483640;0;N
ORDNO=-1;Arial;;9;ORDNO;-2147483640;1;N
Grid=;Arial;;9;1;

[Cols]
LIGNE=0
MATRIC__8=1
NOM__9=2
PRENOM__10=3
SEXE__17=4
AN__80=5
AN__80_1=6
CLASSE__85=7
AN__80_2=8
CLASSE__85_3=9
DATENAISS__18=10
CSTTIRET1=11
DATENAISS__18_4=12
CSTTIRET2=13
DATENAISS__18_5=14
VILLENAISS__20=15
NOMADR__205=16
EMAIL__220=17
TEL__216=18
GSM__219=19
FAX__218=20
NOMADR__265=21
TEL__276=22
GSM__279=23
EMAIL__280=24
NOMADR__295=25
TEL__306=26
GSM__309=27
EMAIL__310=28
RUE__240=29
CPOST__243=30
LOCALITE__245=31
RUE__210=32
CPOST__213=33
LOCALITE__215=34
ANFOFI__123=35
ECOPROPRIO__3=36
ECOLE__76=37
SEXE__17_6=38
ANFOFI__123_7=39
IMPLANTATION__97=40
MATRIC__8_8=41
NOMNET__11=42
ORDNO=43

[Constantes]
tiret=-;

[Titres]
No
matricule
nom
prenom
sexe
annee
classe
Classe
groupe
Classe
DateNaiss
tiret
Mois de DateNaiss
tiret
Jour de DateNaiss
commNaissance
nomResp
courriel
telephone1
telephone2
telephone3
nomPere
telPere
gsmPere
mailPere
nomMere
telMere
gsmMere
mailMere
adresseEleve
cpostEleve
localiteEleve
adresseResp
cpostResp
localiteResp
section

[NumLignes]
NLig=N
[OptPrevis]
cbAvecCadre.Checked=O
edZoom.Text=100
cbAdapterLargeur.Checked=O
edExprGroupe.Text=copy(NOMNET__11,1,1)
edTitreGroupe.Text=Lettre
TitreGroupe=Lettre
[OptPage]
ReportTitle=
Page.Orientation=0
Page.PaperSize=9
Page.Width= 2.10000000000000E+0002
Page.Length= 2.97000000000000E+0002
Page.TopMargin= 1.00000000000000E+0001
Page.LeftMargin= 1.00000000000000E+0001
Page.RightMargin= 1.00000000000000E+0001
Page.BottomMargin= 1.00000000000000E+0001

[RTFDessus]

[RTFDessous]

[RTFEntete]

[RTFPied]

[RTFRegroup]

[RTFSousGroupe]

